{
  "0 debug pnpm:scope": {
    "selected": 1
  },
  "1 debug pnpm:package-manifest": {
    "initial": {
      "name": "puntoscolombia",
      "version": "0.6.3",
      "description": "",
      "main": "lib/src/index.js",
      "bin": "lib/src/index.js",
      "scripts": {
        "ts": "tsc",
        "ts-watch": "tsc --watch",
        "watch-ts": "tsc -w",
        "prepublish": "npm run ts"
      },
      "repository": {
        "type": "git",
        "url": ""
      },
      "keywords": [
        "cli"
      ],
      "author": "",
      "license": "ISC",
      "bugs": {
        "url": ""
      },
      "homepage": "",
      "devDependencies": {
        "@types/fs-extra": "^9.0.1",
        "@types/inquirer": "^6.5.0",
        "@types/lodash": "^4.14.155",
        "@types/ncp": "^2.0.1",
        "@types/node": "^14.0.13",
        "@types/ramda": "types/npm-ramda#dist",
        "@types/request": "^2.48.5",
        "@types/update-notifier": "^4.1.0",
        "ts-node": "^8.10.2",
        "typescript": "^3.9.5"
      },
      "dependencies": {
        "@oclif/command": "^1.8.0",
        "@oclif/config": "^1.17.0",
        "@oclif/plugin-help": "^2.0.0",
        "@tiagonapoli/oclif-plugin-spaced-commands": "^0.0.6",
        "axios": "^0.21.1",
        "bluebird": "^3.7.2",
        "chalk": "~2.3.2",
        "enquirer": "^2.3.5",
        "fs-extra": "^9.0.1",
        "global": "^4.4.0",
        "inquirer": "^7.1.0",
        "inquirer-prompt-suggest": "^0.1.0",
        "lodash": "^4.17.21",
        "moment": "^2.26.0",
        "ora": "^4.0.4",
        "ramda": "~0.25.0",
        "update-notifier": "^4.1.0",
        "winston": "^3.2.1"
      }
    },
    "prefix": "/Users/michael.restrepo/Documents/DESARROLLO/PuntosColombia/VTEXIO/Marketplace/pco-mkp-toolbet-back"
  },
  "2 debug pnpm:context": {
    "currentLockfileExists": false,
    "storeDir": "/Users/michael.restrepo/Library/pnpm/store/v3",
    "virtualStoreDir": "/Users/michael.restrepo/Documents/DESARROLLO/PuntosColombia/VTEXIO/Marketplace/pco-mkp-toolbet-back/node_modules/.pnpm"
  },
  "3 debug pnpm:stage": {
    "prefix": "/Users/michael.restrepo/Documents/DESARROLLO/PuntosColombia/VTEXIO/Marketplace/pco-mkp-toolbet-back",
    "stage": "resolution_started"
  },
  "4 debug pnpm:_dependency_resolved": {
    "resolution": "registry.npmjs.org/@types/ncp/2.0.5",
    "wanted": {
      "dependentId": ".",
      "name": "@types/ncp",
      "rawSpec": "^2.0.1"
    }
  },
  "5 debug pnpm:progress": {
    "packageId": "registry.npmjs.org/@types/ncp/2.0.5",
    "requester": "/Users/michael.restrepo/Documents/DESARROLLO/PuntosColombia/VTEXIO/Marketplace/pco-mkp-toolbet-back",
    "status": "resolved"
  },
  "6 debug pnpm:_dependency_resolved": {
    "resolution": "registry.npmjs.org/@types/request/2.48.8",
    "wanted": {
      "dependentId": ".",
      "name": "@types/request",
      "rawSpec": "^2.48.5"
    }
  },
  "7 debug pnpm:progress": {
    "packageId": "registry.npmjs.org/@types/request/2.48.8",
    "requester": "/Users/michael.restrepo/Documents/DESARROLLO/PuntosColombia/VTEXIO/Marketplace/pco-mkp-toolbet-back",
    "status": "resolved"
  },
  "8 debug pnpm:_dependency_resolved": {
    "resolution": "registry.npmjs.org/@types/update-notifier/4.1.1",
    "wanted": {
      "dependentId": ".",
      "name": "@types/update-notifier",
      "rawSpec": "^4.1.0"
    }
  },
  "9 debug pnpm:progress": {
    "packageId": "registry.npmjs.org/@types/update-notifier/4.1.1",
    "requester": "/Users/michael.restrepo/Documents/DESARROLLO/PuntosColombia/VTEXIO/Marketplace/pco-mkp-toolbet-back",
    "status": "resolved"
  },
  "10 debug pnpm:_dependency_resolved": {
    "resolution": "registry.npmjs.org/@types/inquirer/6.5.0",
    "wanted": {
      "dependentId": ".",
      "name": "@types/inquirer",
      "rawSpec": "^6.5.0"
    }
  },
  "11 debug pnpm:progress": {
    "packageId": "registry.npmjs.org/@types/inquirer/6.5.0",
    "requester": "/Users/michael.restrepo/Documents/DESARROLLO/PuntosColombia/VTEXIO/Marketplace/pco-mkp-toolbet-back",
    "status": "resolved"
  },
  "12 debug pnpm:_dependency_resolved": {
    "resolution": "registry.npmjs.org/@types/fs-extra/9.0.13",
    "wanted": {
      "dependentId": ".",
      "name": "@types/fs-extra",
      "rawSpec": "^9.0.1"
    }
  },
  "13 debug pnpm:progress": {
    "packageId": "registry.npmjs.org/@types/fs-extra/9.0.13",
    "requester": "/Users/michael.restrepo/Documents/DESARROLLO/PuntosColombia/VTEXIO/Marketplace/pco-mkp-toolbet-back",
    "status": "resolved"
  },
  "14 debug pnpm:progress": {
    "packageId": "registry.npmjs.org/@types/ncp/2.0.5",
    "requester": "/Users/michael.restrepo/Documents/DESARROLLO/PuntosColombia/VTEXIO/Marketplace/pco-mkp-toolbet-back",
    "status": "found_in_store"
  },
  "15 debug pnpm:progress": {
    "packageId": "registry.npmjs.org/@types/request/2.48.8",
    "requester": "/Users/michael.restrepo/Documents/DESARROLLO/PuntosColombia/VTEXIO/Marketplace/pco-mkp-toolbet-back",
    "status": "found_in_store"
  },
  "16 debug pnpm:progress": {
    "packageId": "registry.npmjs.org/@types/update-notifier/4.1.1",
    "requester": "/Users/michael.restrepo/Documents/DESARROLLO/PuntosColombia/VTEXIO/Marketplace/pco-mkp-toolbet-back",
    "status": "found_in_store"
  },
  "17 debug pnpm:progress": {
    "packageId": "registry.npmjs.org/@types/inquirer/6.5.0",
    "requester": "/Users/michael.restrepo/Documents/DESARROLLO/PuntosColombia/VTEXIO/Marketplace/pco-mkp-toolbet-back",
    "status": "found_in_store"
  },
  "18 debug pnpm:progress": {
    "packageId": "registry.npmjs.org/@types/fs-extra/9.0.13",
    "requester": "/Users/michael.restrepo/Documents/DESARROLLO/PuntosColombia/VTEXIO/Marketplace/pco-mkp-toolbet-back",
    "status": "found_in_store"
  },
  "19 debug pnpm:_dependency_resolved": {
    "resolution": "registry.npmjs.org/ts-node/8.10.2",
    "wanted": {
      "dependentId": ".",
      "name": "ts-node",
      "rawSpec": "^8.10.2"
    }
  },
  "20 debug pnpm:progress": {
    "packageId": "registry.npmjs.org/ts-node/8.10.2",
    "requester": "/Users/michael.restrepo/Documents/DESARROLLO/PuntosColombia/VTEXIO/Marketplace/pco-mkp-toolbet-back",
    "status": "resolved"
  },
  "21 debug pnpm:_dependency_resolved": {
    "resolution": "registry.npmjs.org/enquirer/2.3.6",
    "wanted": {
      "dependentId": ".",
      "name": "enquirer",
      "rawSpec": "^2.3.5"
    }
  },
  "22 debug pnpm:progress": {
    "packageId": "registry.npmjs.org/enquirer/2.3.6",
    "requester": "/Users/michael.restrepo/Documents/DESARROLLO/PuntosColombia/VTEXIO/Marketplace/pco-mkp-toolbet-back",
    "status": "resolved"
  },
  "23 debug pnpm:_dependency_resolved": {
    "resolution": "registry.npmjs.org/bluebird/3.7.2",
    "wanted": {
      "dependentId": ".",
      "name": "bluebird",
      "rawSpec": "^3.7.2"
    }
  },
  "24 debug pnpm:progress": {
    "packageId": "registry.npmjs.org/bluebird/3.7.2",
    "requester": "/Users/michael.restrepo/Documents/DESARROLLO/PuntosColombia/VTEXIO/Marketplace/pco-mkp-toolbet-back",
    "status": "resolved"
  },
  "25 debug pnpm:_dependency_resolved": {
    "resolution": "registry.npmjs.org/@types/lodash/4.14.191",
    "wanted": {
      "dependentId": ".",
      "name": "@types/lodash",
      "rawSpec": "^4.14.155"
    }
  },
  "26 debug pnpm:progress": {
    "packageId": "registry.npmjs.org/@types/lodash/4.14.191",
    "requester": "/Users/michael.restrepo/Documents/DESARROLLO/PuntosColombia/VTEXIO/Marketplace/pco-mkp-toolbet-back",
    "status": "resolved"
  },
  "27 debug pnpm:_dependency_resolved": {
    "resolution": "registry.npmjs.org/chalk/2.3.2",
    "wanted": {
      "dependentId": ".",
      "name": "chalk",
      "rawSpec": "~2.3.2"
    }
  },
  "28 debug pnpm:progress": {
    "packageId": "registry.npmjs.org/chalk/2.3.2",
    "requester": "/Users/michael.restrepo/Documents/DESARROLLO/PuntosColombia/VTEXIO/Marketplace/pco-mkp-toolbet-back",
    "status": "resolved"
  },
  "29 debug pnpm:_dependency_resolved": {
    "resolution": "registry.npmjs.org/global/4.4.0",
    "wanted": {
      "dependentId": ".",
      "name": "global",
      "rawSpec": "^4.4.0"
    }
  },
  "30 debug pnpm:progress": {
    "packageId": "registry.npmjs.org/global/4.4.0",
    "requester": "/Users/michael.restrepo/Documents/DESARROLLO/PuntosColombia/VTEXIO/Marketplace/pco-mkp-toolbet-back",
    "status": "resolved"
  },
  "31 debug pnpm:_dependency_resolved": {
    "resolution": "registry.npmjs.org/fs-extra/9.1.0",
    "wanted": {
      "dependentId": ".",
      "name": "fs-extra",
      "rawSpec": "^9.0.1"
    }
  },
  "32 debug pnpm:progress": {
    "packageId": "registry.npmjs.org/fs-extra/9.1.0",
    "requester": "/Users/michael.restrepo/Documents/DESARROLLO/PuntosColombia/VTEXIO/Marketplace/pco-mkp-toolbet-back",
    "status": "resolved"
  },
  "33 debug pnpm:_dependency_resolved": {
    "resolution": "registry.npmjs.org/axios/0.21.4",
    "wanted": {
      "dependentId": ".",
      "name": "axios",
      "rawSpec": "^0.21.1"
    }
  },
  "34 debug pnpm:progress": {
    "packageId": "registry.npmjs.org/axios/0.21.4",
    "requester": "/Users/michael.restrepo/Documents/DESARROLLO/PuntosColombia/VTEXIO/Marketplace/pco-mkp-toolbet-back",
    "status": "resolved"
  },
  "35 debug pnpm:progress": {
    "packageId": "registry.npmjs.org/ts-node/8.10.2",
    "requester": "/Users/michael.restrepo/Documents/DESARROLLO/PuntosColombia/VTEXIO/Marketplace/pco-mkp-toolbet-back",
    "status": "found_in_store"
  },
  "36 debug pnpm:_dependency_resolved": {
    "resolution": "registry.npmjs.org/inquirer-prompt-suggest/0.1.0",
    "wanted": {
      "dependentId": ".",
      "name": "inquirer-prompt-suggest",
      "rawSpec": "^0.1.0"
    }
  },
  "37 debug pnpm:progress": {
    "packageId": "registry.npmjs.org/inquirer-prompt-suggest/0.1.0",
    "requester": "/Users/michael.restrepo/Documents/DESARROLLO/PuntosColombia/VTEXIO/Marketplace/pco-mkp-toolbet-back",
    "status": "resolved"
  },
  "38 debug pnpm:progress": {
    "packageId": "registry.npmjs.org/bluebird/3.7.2",
    "requester": "/Users/michael.restrepo/Documents/DESARROLLO/PuntosColombia/VTEXIO/Marketplace/pco-mkp-toolbet-back",
    "status": "found_in_store"
  },
  "39 debug pnpm:progress": {
    "packageId": "registry.npmjs.org/enquirer/2.3.6",
    "requester": "/Users/michael.restrepo/Documents/DESARROLLO/PuntosColombia/VTEXIO/Marketplace/pco-mkp-toolbet-back",
    "status": "found_in_store"
  },
  "40 debug pnpm:_dependency_resolved": {
    "resolution": "registry.npmjs.org/inquirer/7.3.3",
    "wanted": {
      "dependentId": ".",
      "name": "inquirer",
      "rawSpec": "^7.1.0"
    }
  },
  "41 debug pnpm:progress": {
    "packageId": "registry.npmjs.org/inquirer/7.3.3",
    "requester": "/Users/michael.restrepo/Documents/DESARROLLO/PuntosColombia/VTEXIO/Marketplace/pco-mkp-toolbet-back",
    "status": "resolved"
  },
  "42 debug pnpm:_dependency_resolved": {
    "resolution": "registry.npmjs.org/lodash/4.17.21",
    "wanted": {
      "dependentId": ".",
      "name": "lodash",
      "rawSpec": "^4.17.21"
    }
  },
  "43 debug pnpm:progress": {
    "packageId": "registry.npmjs.org/lodash/4.17.21",
    "requester": "/Users/michael.restrepo/Documents/DESARROLLO/PuntosColombia/VTEXIO/Marketplace/pco-mkp-toolbet-back",
    "status": "resolved"
  },
  "44 debug pnpm:_dependency_resolved": {
    "resolution": "registry.npmjs.org/moment/2.29.4",
    "wanted": {
      "dependentId": ".",
      "name": "moment",
      "rawSpec": "^2.26.0"
    }
  },
  "45 debug pnpm:progress": {
    "packageId": "registry.npmjs.org/moment/2.29.4",
    "requester": "/Users/michael.restrepo/Documents/DESARROLLO/PuntosColombia/VTEXIO/Marketplace/pco-mkp-toolbet-back",
    "status": "resolved"
  },
  "46 debug pnpm:_dependency_resolved": {
    "resolution": "registry.npmjs.org/@oclif/plugin-help/2.2.3",
    "wanted": {
      "dependentId": ".",
      "name": "@oclif/plugin-help",
      "rawSpec": "^2.0.0"
    }
  },
  "47 debug pnpm:progress": {
    "packageId": "registry.npmjs.org/@oclif/plugin-help/2.2.3",
    "requester": "/Users/michael.restrepo/Documents/DESARROLLO/PuntosColombia/VTEXIO/Marketplace/pco-mkp-toolbet-back",
    "status": "resolved"
  },
  "48 debug pnpm:_dependency_resolved": {
    "resolution": "registry.npmjs.org/update-notifier/4.1.3",
    "wanted": {
      "dependentId": ".",
      "name": "update-notifier",
      "rawSpec": "^4.1.0"
    }
  },
  "49 debug pnpm:progress": {
    "packageId": "registry.npmjs.org/update-notifier/4.1.3",
    "requester": "/Users/michael.restrepo/Documents/DESARROLLO/PuntosColombia/VTEXIO/Marketplace/pco-mkp-toolbet-back",
    "status": "resolved"
  },
  "50 debug pnpm:_dependency_resolved": {
    "resolution": "registry.npmjs.org/ora/4.1.1",
    "wanted": {
      "dependentId": ".",
      "name": "ora",
      "rawSpec": "^4.0.4"
    }
  },
  "51 debug pnpm:progress": {
    "packageId": "registry.npmjs.org/ora/4.1.1",
    "requester": "/Users/michael.restrepo/Documents/DESARROLLO/PuntosColombia/VTEXIO/Marketplace/pco-mkp-toolbet-back",
    "status": "resolved"
  },
  "52 debug pnpm:_dependency_resolved": {
    "resolution": "registry.npmjs.org/ramda/0.25.0",
    "wanted": {
      "dependentId": ".",
      "name": "ramda",
      "rawSpec": "~0.25.0"
    }
  },
  "53 debug pnpm:progress": {
    "packageId": "registry.npmjs.org/ramda/0.25.0",
    "requester": "/Users/michael.restrepo/Documents/DESARROLLO/PuntosColombia/VTEXIO/Marketplace/pco-mkp-toolbet-back",
    "status": "resolved"
  },
  "54 debug pnpm:_dependency_resolved": {
    "resolution": "registry.npmjs.org/winston/3.8.2",
    "wanted": {
      "dependentId": ".",
      "name": "winston",
      "rawSpec": "^3.2.1"
    }
  },
  "55 debug pnpm:progress": {
    "packageId": "registry.npmjs.org/winston/3.8.2",
    "requester": "/Users/michael.restrepo/Documents/DESARROLLO/PuntosColombia/VTEXIO/Marketplace/pco-mkp-toolbet-back",
    "status": "resolved"
  },
  "56 debug pnpm:fetching-progress": {
    "attempt": 1,
    "packageId": "registry.npmjs.org/ramda/0.25.0",
    "size": 243530,
    "status": "started"
  },
  "57 debug pnpm:_dependency_resolved": {
    "resolution": "registry.npmjs.org/@types/node/14.18.36",
    "wanted": {
      "dependentId": ".",
      "name": "@types/node",
      "rawSpec": "^14.0.13"
    }
  },
  "58 debug pnpm:progress": {
    "packageId": "registry.npmjs.org/@types/node/14.18.36",
    "requester": "/Users/michael.restrepo/Documents/DESARROLLO/PuntosColombia/VTEXIO/Marketplace/pco-mkp-toolbet-back",
    "status": "resolved"
  },
  "59 debug pnpm:_dependency_resolved": {
    "resolution": "registry.npmjs.org/@oclif/command/1.8.20",
    "wanted": {
      "dependentId": ".",
      "name": "@oclif/command",
      "rawSpec": "^1.8.0"
    }
  },
  "60 debug pnpm:progress": {
    "packageId": "registry.npmjs.org/@oclif/command/1.8.20",
    "requester": "/Users/michael.restrepo/Documents/DESARROLLO/PuntosColombia/VTEXIO/Marketplace/pco-mkp-toolbet-back",
    "status": "resolved"
  },
  "61 debug pnpm:_dependency_resolved": {
    "resolution": "registry.npmjs.org/@tiagonapoli/oclif-plugin-spaced-commands/0.0.6",
    "wanted": {
      "dependentId": ".",
      "name": "@tiagonapoli/oclif-plugin-spaced-commands",
      "rawSpec": "^0.0.6"
    }
  },
  "62 debug pnpm:progress": {
    "packageId": "registry.npmjs.org/@tiagonapoli/oclif-plugin-spaced-commands/0.0.6",
    "requester": "/Users/michael.restrepo/Documents/DESARROLLO/PuntosColombia/VTEXIO/Marketplace/pco-mkp-toolbet-back",
    "status": "resolved"
  },
  "63 debug pnpm:progress": {
    "packageId": "registry.npmjs.org/@types/lodash/4.14.191",
    "requester": "/Users/michael.restrepo/Documents/DESARROLLO/PuntosColombia/VTEXIO/Marketplace/pco-mkp-toolbet-back",
    "status": "found_in_store"
  },
  "64 debug pnpm:progress": {
    "packageId": "registry.npmjs.org/chalk/2.3.2",
    "requester": "/Users/michael.restrepo/Documents/DESARROLLO/PuntosColombia/VTEXIO/Marketplace/pco-mkp-toolbet-back",
    "status": "found_in_store"
  },
  "65 debug pnpm:progress": {
    "packageId": "registry.npmjs.org/global/4.4.0",
    "requester": "/Users/michael.restrepo/Documents/DESARROLLO/PuntosColombia/VTEXIO/Marketplace/pco-mkp-toolbet-back",
    "status": "found_in_store"
  },
  "66 debug pnpm:progress": {
    "packageId": "registry.npmjs.org/fs-extra/9.1.0",
    "requester": "/Users/michael.restrepo/Documents/DESARROLLO/PuntosColombia/VTEXIO/Marketplace/pco-mkp-toolbet-back",
    "status": "found_in_store"
  },
  "67 debug pnpm:progress": {
    "packageId": "registry.npmjs.org/axios/0.21.4",
    "requester": "/Users/michael.restrepo/Documents/DESARROLLO/PuntosColombia/VTEXIO/Marketplace/pco-mkp-toolbet-back",
    "status": "found_in_store"
  },
  "68 debug pnpm:progress": {
    "packageId": "registry.npmjs.org/inquirer-prompt-suggest/0.1.0",
    "requester": "/Users/michael.restrepo/Documents/DESARROLLO/PuntosColombia/VTEXIO/Marketplace/pco-mkp-toolbet-back",
    "status": "found_in_store"
  },
  "69 debug pnpm:progress": {
    "packageId": "registry.npmjs.org/inquirer/7.3.3",
    "requester": "/Users/michael.restrepo/Documents/DESARROLLO/PuntosColombia/VTEXIO/Marketplace/pco-mkp-toolbet-back",
    "status": "found_in_store"
  },
  "70 debug pnpm:_dependency_resolved": {
    "resolution": "registry.npmjs.org/@oclif/config/1.18.6",
    "wanted": {
      "dependentId": ".",
      "name": "@oclif/config",
      "rawSpec": "^1.17.0"
    }
  },
  "71 debug pnpm:progress": {
    "packageId": "registry.npmjs.org/@oclif/config/1.18.6",
    "requester": "/Users/michael.restrepo/Documents/DESARROLLO/PuntosColombia/VTEXIO/Marketplace/pco-mkp-toolbet-back",
    "status": "resolved"
  },
  "72 debug pnpm:_dependency_resolved": {
    "resolution": "registry.npmjs.org/typescript/3.9.10",
    "wanted": {
      "dependentId": ".",
      "name": "typescript",
      "rawSpec": "^3.9.5"
    }
  },
  "73 debug pnpm:progress": {
    "packageId": "registry.npmjs.org/typescript/3.9.10",
    "requester": "/Users/michael.restrepo/Documents/DESARROLLO/PuntosColombia/VTEXIO/Marketplace/pco-mkp-toolbet-back",
    "status": "resolved"
  },
  "74 debug pnpm:progress": {
    "packageId": "registry.npmjs.org/lodash/4.17.21",
    "requester": "/Users/michael.restrepo/Documents/DESARROLLO/PuntosColombia/VTEXIO/Marketplace/pco-mkp-toolbet-back",
    "status": "found_in_store"
  },
  "75 debug pnpm:progress": {
    "packageId": "registry.npmjs.org/moment/2.29.4",
    "requester": "/Users/michael.restrepo/Documents/DESARROLLO/PuntosColombia/VTEXIO/Marketplace/pco-mkp-toolbet-back",
    "status": "found_in_store"
  },
  "76 debug pnpm:progress": {
    "packageId": "registry.npmjs.org/@oclif/plugin-help/2.2.3",
    "requester": "/Users/michael.restrepo/Documents/DESARROLLO/PuntosColombia/VTEXIO/Marketplace/pco-mkp-toolbet-back",
    "status": "found_in_store"
  },
  "77 debug pnpm:progress": {
    "packageId": "registry.npmjs.org/update-notifier/4.1.3",
    "requester": "/Users/michael.restrepo/Documents/DESARROLLO/PuntosColombia/VTEXIO/Marketplace/pco-mkp-toolbet-back",
    "status": "found_in_store"
  },
  "78 debug pnpm:progress": {
    "packageId": "registry.npmjs.org/ora/4.1.1",
    "requester": "/Users/michael.restrepo/Documents/DESARROLLO/PuntosColombia/VTEXIO/Marketplace/pco-mkp-toolbet-back",
    "status": "found_in_store"
  },
  "79 debug pnpm:progress": {
    "packageId": "registry.npmjs.org/winston/3.8.2",
    "requester": "/Users/michael.restrepo/Documents/DESARROLLO/PuntosColombia/VTEXIO/Marketplace/pco-mkp-toolbet-back",
    "status": "found_in_store"
  },
  "80 debug pnpm:progress": {
    "packageId": "registry.npmjs.org/@types/node/14.18.36",
    "requester": "/Users/michael.restrepo/Documents/DESARROLLO/PuntosColombia/VTEXIO/Marketplace/pco-mkp-toolbet-back",
    "status": "found_in_store"
  },
  "81 debug pnpm:progress": {
    "packageId": "registry.npmjs.org/@oclif/command/1.8.20",
    "requester": "/Users/michael.restrepo/Documents/DESARROLLO/PuntosColombia/VTEXIO/Marketplace/pco-mkp-toolbet-back",
    "status": "found_in_store"
  },
  "82 debug pnpm:progress": {
    "packageId": "registry.npmjs.org/@tiagonapoli/oclif-plugin-spaced-commands/0.0.6",
    "requester": "/Users/michael.restrepo/Documents/DESARROLLO/PuntosColombia/VTEXIO/Marketplace/pco-mkp-toolbet-back",
    "status": "found_in_store"
  },
  "83 debug pnpm:progress": {
    "packageId": "registry.npmjs.org/@oclif/config/1.18.6",
    "requester": "/Users/michael.restrepo/Documents/DESARROLLO/PuntosColombia/VTEXIO/Marketplace/pco-mkp-toolbet-back",
    "status": "found_in_store"
  },
  "84 debug pnpm:progress": {
    "packageId": "registry.npmjs.org/typescript/3.9.10",
    "requester": "/Users/michael.restrepo/Documents/DESARROLLO/PuntosColombia/VTEXIO/Marketplace/pco-mkp-toolbet-back",
    "status": "found_in_store"
  },
  "85 debug pnpm:progress": {
    "packageId": "registry.npmjs.org/ramda/0.25.0",
    "requester": "/Users/michael.restrepo/Documents/DESARROLLO/PuntosColombia/VTEXIO/Marketplace/pco-mkp-toolbet-back",
    "status": "fetched"
  },
  "86 error pnpm": {
    "shortMessage": "Command failed with exit code 128: /usr/local/bin/git ls-remote --refs git+ssh://git@github.com/types/npm-ramda.git dist",
    "command": "/usr/local/bin/git ls-remote --refs git+ssh://git@github.com/types/npm-ramda.git dist",
    "escapedCommand": "\"/usr/local/bin/git\" ls-remote --refs \"git+ssh://git@github.com/types/npm-ramda.git\" dist",
    "exitCode": 128,
    "stdout": "",
    "stderr": "git@github.com: Permission denied (publickey).\r\nfatal: Could not read from remote repository.\n\nPlease make sure you have the correct access rights\nand the repository exists.",
    "failed": true,
    "timedOut": false,
    "isCanceled": false,
    "killed": false,
    "pkgsStack": [],
    "err": {
      "name": "pnpm",
      "message": "Command failed with exit code 128: /usr/local/bin/git ls-remote --refs git+ssh://git@github.com/types/npm-ramda.git dist\ngit@github.com: Permission denied (publickey).\r\nfatal: Could not read from remote repository.\n\nPlease make sure you have the correct access rights\nand the repository exists.",
      "stack": "pnpm: Command failed with exit code 128: /usr/local/bin/git ls-remote --refs git+ssh://git@github.com/types/npm-ramda.git dist\ngit@github.com: Permission denied (publickey).\r\nfatal: Could not read from remote repository.\n\nPlease make sure you have the correct access rights\nand the repository exists.\n    at makeError (/usr/local/lib/node_modules/pnpm/dist/pnpm.cjs:42676:17)\n    at handlePromise (/usr/local/lib/node_modules/pnpm/dist/pnpm.cjs:43247:33)\n    at process.processTicksAndRejections (node:internal/process/task_queues:95:5)\n    at async getRepoRefs (/usr/local/lib/node_modules/pnpm/dist/pnpm.cjs:83824:23)\n    at async resolveRef (/usr/local/lib/node_modules/pnpm/dist/pnpm.cjs:83836:20)\n    at async resolveGit (/usr/local/lib/node_modules/pnpm/dist/pnpm.cjs:83787:24)\n    at async Object.resolve (/usr/local/lib/node_modules/pnpm/dist/pnpm.cjs:84942:162)\n    at async run (/usr/local/lib/node_modules/pnpm/dist/pnpm.cjs:91747:23)"
    }
  }
}